<?xml version="1.0" encoding="UTF-8"?>
<testng-results total="12" passed="12" failed="0" skipped="0">
  <reporter-output>
  </reporter-output>
  <suite started-at="2018-10-08T07:17:56Z" name="Test Maven Suite" finished-at="2018-10-08T07:17:56Z" duration-ms="48">
    <groups>
    </groups>
    <test started-at="2018-10-08T07:17:56Z" name="Test Maven Testing" finished-at="2018-10-08T07:17:56Z" duration-ms="48">
      <class name="com.qa.tests.DemoTest">
        <test-method signature="div()[pri:0, instance:com.qa.tests.DemoTest@dd8ba08]" started-at="2018-10-08T18:17:56Z" name="div" finished-at="2018-10-08T18:17:56Z" duration-ms="13" status="PASS">
          <reporter-output>
          </reporter-output>
        </test-method> <!-- div -->
        <test-method signature="mul()[pri:0, instance:com.qa.tests.DemoTest@dd8ba08]" started-at="2018-10-08T18:17:56Z" name="mul" finished-at="2018-10-08T18:17:56Z" duration-ms="0" status="PASS">
          <reporter-output>
          </reporter-output>
        </test-method> <!-- mul -->
        <test-method signature="sub()[pri:0, instance:com.qa.tests.DemoTest@dd8ba08]" started-at="2018-10-08T18:17:56Z" name="sub" finished-at="2018-10-08T18:17:56Z" duration-ms="0" status="PASS">
          <reporter-output>
          </reporter-output>
        </test-method> <!-- sub -->
        <test-method signature="sum()[pri:0, instance:com.qa.tests.DemoTest@dd8ba08]" started-at="2018-10-08T18:17:56Z" name="sum" finished-at="2018-10-08T18:17:56Z" duration-ms="0" status="PASS">
          <reporter-output>
          </reporter-output>
        </test-method> <!-- sum -->
      </class> <!-- com.qa.tests.DemoTest -->
      <class name="com.qa.tests.DemoTest1">
        <test-method signature="div()[pri:0, instance:com.qa.tests.DemoTest1@478190fc]" started-at="2018-10-08T18:17:56Z" name="div" finished-at="2018-10-08T18:17:56Z" duration-ms="0" status="PASS">
          <reporter-output>
          </reporter-output>
        </test-method> <!-- div -->
        <test-method signature="mul()[pri:0, instance:com.qa.tests.DemoTest1@478190fc]" started-at="2018-10-08T18:17:56Z" name="mul" finished-at="2018-10-08T18:17:56Z" duration-ms="0" status="PASS">
          <reporter-output>
          </reporter-output>
        </test-method> <!-- mul -->
        <test-method signature="sub()[pri:0, instance:com.qa.tests.DemoTest1@478190fc]" started-at="2018-10-08T18:17:56Z" name="sub" finished-at="2018-10-08T18:17:56Z" duration-ms="0" status="PASS">
          <reporter-output>
          </reporter-output>
        </test-method> <!-- sub -->
        <test-method signature="sum()[pri:0, instance:com.qa.tests.DemoTest1@478190fc]" started-at="2018-10-08T18:17:56Z" name="sum" finished-at="2018-10-08T18:17:56Z" duration-ms="1" status="PASS">
          <reporter-output>
          </reporter-output>
        </test-method> <!-- sum -->
      </class> <!-- com.qa.tests.DemoTest1 -->
      <class name="com.qa.tests.DemoTest2">
        <test-method signature="div()[pri:0, instance:com.qa.tests.DemoTest2@79e2c065]" started-at="2018-10-08T18:17:56Z" name="div" finished-at="2018-10-08T18:17:56Z" duration-ms="1" status="PASS">
          <reporter-output>
          </reporter-output>
        </test-method> <!-- div -->
        <test-method signature="mul()[pri:0, instance:com.qa.tests.DemoTest2@79e2c065]" started-at="2018-10-08T18:17:56Z" name="mul" finished-at="2018-10-08T18:17:56Z" duration-ms="0" status="PASS">
          <reporter-output>
          </reporter-output>
        </test-method> <!-- mul -->
        <test-method signature="sub()[pri:0, instance:com.qa.tests.DemoTest2@79e2c065]" started-at="2018-10-08T18:17:56Z" name="sub" finished-at="2018-10-08T18:17:56Z" duration-ms="0" status="PASS">
          <reporter-output>
          </reporter-output>
        </test-method> <!-- sub -->
        <test-method signature="sum()[pri:0, instance:com.qa.tests.DemoTest2@79e2c065]" started-at="2018-10-08T18:17:56Z" name="sum" finished-at="2018-10-08T18:17:56Z" duration-ms="0" status="PASS">
          <reporter-output>
          </reporter-output>
        </test-method> <!-- sum -->
      </class> <!-- com.qa.tests.DemoTest2 -->
    </test> <!-- Test Maven Testing -->
  </suite> <!-- Test Maven Suite -->
</testng-results>
